<?xml version="1.0" encoding="UTF-8"?>
<!-- Generated by org.testng.reporters.JUnitReportReporter -->
<testsuite hostname="Mallik" failures="0" tests="1" name="com.pack.testCases.TC_OpenShiftCreationMonday1" time="178.347" errors="0" timestamp="2021-08-12T17:59:37 IST" skipped="0">
  <testcase classname="com.pack.testCases.TC_OpenShiftCreationMonday1" name="openShift" time="178.347"/>
  <system-out/>
</testsuite> <!-- com.pack.testCases.TC_OpenShiftCreationMonday1 -->
