<?xml version="1.0" encoding="UTF-8"?>
<!-- Generated by org.testng.reporters.JUnitReportReporter -->
<testsuite hostname="Mallik" failures="0" tests="1" name="com.pack.testCases.TC_OpenShiftCreationDay5Shift1" time="185.261" errors="0" timestamp="2021-08-18T11:14:26 IST" skipped="0">
  <testcase classname="com.pack.testCases.TC_OpenShiftCreationDay5Shift1" name="openShift" time="185.261"/>
  <system-out/>
</testsuite> <!-- com.pack.testCases.TC_OpenShiftCreationDay5Shift1 -->
