<?xml version="1.0" encoding="UTF-8"?>
<!-- Generated by org.testng.reporters.JUnitReportReporter -->
<testsuite hostname="Mallik" failures="0" tests="1" name="com.pack.testCases.TC_CopySchedule" time="71.012" errors="0" timestamp="2021-08-18T14:14:31 IST" skipped="0">
  <testcase classname="com.pack.testCases.TC_CopySchedule" name="copySchedule" time="71.012"/>
  <system-out/>
</testsuite> <!-- com.pack.testCases.TC_CopySchedule -->
