<?xml version="1.0" encoding="UTF-8"?>
<!-- Generated by org.testng.reporters.JUnitReportReporter -->
<testsuite hostname="Mallik" failures="0" tests="1" name="com.pack.testCases.TC_OpenShiftCreationMonday2" time="191.297" errors="0" timestamp="2021-08-12T17:59:37 IST" skipped="0">
  <testcase classname="com.pack.testCases.TC_OpenShiftCreationMonday2" name="openShift" time="191.297"/>
  <system-out/>
</testsuite> <!-- com.pack.testCases.TC_OpenShiftCreationMonday2 -->
