<?xml version="1.0" encoding="UTF-8"?>
<!-- Generated by org.testng.reporters.JUnitReportReporter -->
<testsuite hostname="Mallik" failures="0" tests="1" name="com.pack.testCases.TC_OpenShiftCreationThursday2" time="116.782" errors="0" timestamp="2021-08-11T16:38:01 IST" skipped="0">
  <testcase classname="com.pack.testCases.TC_OpenShiftCreationThursday2" name="openShift" time="116.782"/>
  <system-out/>
</testsuite> <!-- com.pack.testCases.TC_OpenShiftCreationThursday2 -->
