<?xml version="1.0" encoding="UTF-8"?>
<!-- Generated by org.testng.reporters.JUnitReportReporter -->
<testsuite hostname="DESKTOP-K93H14H" failures="0" tests="1" name="com.pack.testCases.TC_AssignShift" time="158.364" errors="0" timestamp="2021-08-06T11:03:53 IST" skipped="0">
  <testcase classname="com.pack.testCases.TC_AssignShift" name="assignShift" time="158.364"/>
  <system-out/>
</testsuite> <!-- com.pack.testCases.TC_AssignShift -->
