<?xml version="1.0" encoding="UTF-8"?>
<!-- Generated by org.testng.reporters.JUnitReportReporter -->
<testsuite hostname="Mallik" failures="0" tests="1" name="com.pack.testCases.TC_AssignShiftMonday1" time="212.189" errors="0" timestamp="2021-08-12T17:59:37 IST" skipped="0">
  <testcase classname="com.pack.testCases.TC_AssignShiftMonday1" name="assignShift" time="212.189"/>
  <system-out/>
</testsuite> <!-- com.pack.testCases.TC_AssignShiftMonday1 -->
