<?xml version="1.0" encoding="UTF-8"?>
<!-- Generated by org.testng.reporters.JUnitReportReporter -->
<testsuite hostname="Mallik" failures="0" tests="1" name="com.pack.testCases.TC_AssignShiftMonday" time="67.922" errors="0" timestamp="2021-08-12T17:22:52 IST" skipped="0">
  <testcase classname="com.pack.testCases.TC_AssignShiftMonday" name="assignShift" time="67.922"/>
  <system-out/>
</testsuite> <!-- com.pack.testCases.TC_AssignShiftMonday -->
