<?xml version="1.0" encoding="UTF-8"?>
<!-- Generated by org.testng.reporters.JUnitReportReporter -->
<testsuite hostname="Mallik" failures="0" tests="1" name="com.pack.testCases.TC_TestCase_02" time="32.059" errors="0" timestamp="2021-08-12T19:53:23 IST" skipped="0">
  <testcase classname="com.pack.testCases.TC_TestCase_02" name="mainTest" time="32.059"/>
  <system-out/>
</testsuite> <!-- com.pack.testCases.TC_TestCase_02 -->
