<?xml version="1.0" encoding="UTF-8"?>
<!-- Generated by org.testng.reporters.JUnitReportReporter -->
<testsuite hostname="Mallik" failures="0" tests="1" name="com.pack.testCases.TC_OpenShiftCreationDay4Shift1" time="64.115" errors="0" timestamp="2021-08-13T10:26:08 IST" skipped="0">
  <testcase classname="com.pack.testCases.TC_OpenShiftCreationDay4Shift1" name="openShift" time="64.115"/>
  <system-out/>
</testsuite> <!-- com.pack.testCases.TC_OpenShiftCreationDay4Shift1 -->
