<?xml version="1.0" encoding="UTF-8"?>
<!-- Generated by org.testng.reporters.JUnitReportReporter -->
<testsuite hostname="DESKTOP-K93H14H" failures="0" tests="1" name="com.pack.testCases.TC_OpenShiftCreation" time="120.900" errors="0" timestamp="2021-08-06T11:03:53 IST" skipped="0">
  <testcase classname="com.pack.testCases.TC_OpenShiftCreation" name="openShift" time="120.900"/>
  <system-out/>
</testsuite> <!-- com.pack.testCases.TC_OpenShiftCreation -->
