<?xml version="1.0" encoding="UTF-8"?>
<!-- Generated by org.testng.reporters.JUnitReportReporter -->
<testsuite hostname="Mallik" failures="0" tests="1" name="com.pack.testCases.TC_DeleteAllShifts" time="81.405" errors="0" timestamp="2021-08-18T14:18:04 IST" skipped="0">
  <testcase classname="com.pack.testCases.TC_DeleteAllShifts" name="deleteAllShift" time="81.405"/>
  <system-out/>
</testsuite> <!-- com.pack.testCases.TC_DeleteAllShifts -->
