<?xml version="1.0" encoding="UTF-8"?>
<!-- Generated by org.testng.reporters.JUnitReportReporter -->
<testsuite hostname="Mallik" failures="0" tests="1" name="com.pack.testCases.TC_OpenShiftCreationMondayShift2" time="224.963" errors="0" timestamp="2021-08-10T17:46:36 IST" skipped="0">
  <testcase classname="com.pack.testCases.TC_OpenShiftCreationMondayShift2" name="openShift" time="224.963"/>
  <system-out/>
</testsuite> <!-- com.pack.testCases.TC_OpenShiftCreationMondayShift2 -->
