<?xml version="1.0" encoding="UTF-8"?>
<!-- Generated by org.testng.reporters.JUnitReportReporter -->
<testsuite hostname="Mallik" failures="0" tests="1" name="com.pack.testCases.TC_OpenShiftCreationTuesday2" time="78.323" errors="0" timestamp="2021-08-11T16:38:01 IST" skipped="0">
  <testcase classname="com.pack.testCases.TC_OpenShiftCreationTuesday2" name="openShift" time="78.323"/>
  <system-out/>
</testsuite> <!-- com.pack.testCases.TC_OpenShiftCreationTuesday2 -->
