<?xml version="1.0" encoding="UTF-8"?>
<!-- Generated by org.testng.reporters.JUnitReportReporter -->
<testsuite hostname="Mallik" failures="0" tests="1" name="com.pack.testCases.TC_OpenShiftCreationDay3Shift2" time="89.243" errors="0" timestamp="2021-08-12T19:53:23 IST" skipped="0">
  <testcase classname="com.pack.testCases.TC_OpenShiftCreationDay3Shift2" name="openShift" time="89.243"/>
  <system-out/>
</testsuite> <!-- com.pack.testCases.TC_OpenShiftCreationDay3Shift2 -->
